<?xml version="1.0" encoding="UTF-8"?>
<!-- Generated by org.testng.reporters.JUnitReportReporter -->
<testsuite hostname="DESKTOP-IKSI6E0" failures="0" tests="2" name="Test.Class1" time="0.016" errors="0" timestamp="2023-06-19T14:27:45 IST" skipped="0">
  <testcase classname="Test.Class1" name="Demo" time="0.014"/>
  <testcase classname="Test.Class1" name="sec" time="0.002"/>
</testsuite> <!-- Test.Class1 -->
