<?xml version="1.0" encoding="UTF-8"?>
<!-- Generated by org.testng.reporters.JUnitReportReporter -->
<testsuite hostname="DESKTOP-IKSI6E0" failures="0" tests="1" name="Test.class2" time="0.002" errors="0" timestamp="2023-06-19T14:27:45 IST" skipped="0">
  <testcase classname="Test.class2" name="second" time="0.002"/>
</testsuite> <!-- Test.class2 -->
