<?xml version="1.0" encoding="UTF-8"?>
<!-- Generated by org.testng.reporters.JUnitReportReporter -->
<testsuite hostname="DESKTOP-IKSI6E0" failures="0" tests="2" name="Test.class3" time="0.005" errors="0" timestamp="2023-06-19T14:27:45 IST" skipped="0">
  <testcase classname="Test.class3" name="carloanlogin" time="0.003"/>
  <testcase classname="Test.class3" name="Homeloanlogin" time="0.002"/>
</testsuite> <!-- Test.class3 -->
